

Running /Users/agrogan/Desktop/GitHub/multilevel-workshop/profile.do ...
variable group not found
r(111);


. 
. mixed outcome || country: || id: // unconditional model

Performing EM optimization ...

Performing gradient-based optimization: 
Iteration 0:  Log likelihood = -9802.8371  (not concave)
Iteration 1:  Log likelihood = -9802.8371  (not concave)
Iteration 2:  Log likelihood = -9802.8371  (not concave)
Iteration 3:  Log likelihood = -9802.8371  (backed up)
Iteration 4:  Log likelihood = -9802.8371  (backed up)
Iteration 5:  Log likelihood = -9802.8371  (backed up)
Iteration 6:  Log likelihood = -9802.8371  (backed up)
Iteration 7:  Log likelihood = -9802.8371  (backed up)
Iteration 8:  Log likelihood = -9802.8371  (backed up)
Iteration 9:  Log likelihood = -9802.8371  (backed up)
Iteration 10: Log likelihood = -9802.8371  (backed up)
Iteration 11: Log likelihood = -9802.8371  (backed up)
Iteration 12: Log likelihood = -9802.8371  (backed up)
Iteration 13: Log likelihood = -9802.8371  (backed up)
Iteration 14: Log likelihood = -9802.8371  (backed up)
Iteration 15: Log likelihood = -9802.8371  (backed up)
Iteration 16: Log likelihood = -9802.8371  (backed up)
Iteration 17: Log likelihood = -9802.8371  (backed up)
Iteration 18: Log likelihood = -9802.8371  (backed up)
Iteration 19: Log likelihood = -9802.8371  (backed up)
Iteration 20: Log likelihood = -9802.8371  (backed up)
Iteration 21: Log likelihood = -9802.8371  (backed up)
Iteration 22: Log likelihood = -9802.8371  (backed up)
Iteration 23: Log likelihood = -9802.8371  (backed up)
Iteration 24: Log likelihood = -9802.8371  (backed up)
Iteration 25: Log likelihood = -9802.8371  (backed up)
Iteration 26: Log likelihood = -9802.8371  (backed up)
Iteration 27: Log likelihood = -9802.8371  (backed up)
Iteration 28: Log likelihood = -9802.8371  (backed up)
Iteration 29: Log likelihood = -9802.8371  (backed up)
Iteration 30: Log likelihood = -9802.8371  (backed up)
Iteration 31: Log likelihood = -9802.8371  (backed up)
Iteration 32: Log likelihood = -9802.8371  (backed up)
Iteration 33: Log likelihood = -9802.8371  (backed up)
Iteration 34: Log likelihood = -9802.8371  (backed up)
Iteration 35: Log likelihood = -9802.8371  (backed up)
Iteration 36: Log likelihood = -9802.8371  (backed up)
Iteration 37: Log likelihood = -9802.8371  (backed up)
Iteration 38: Log likelihood = -9802.8371  (backed up)
Iteration 39: Log likelihood = -9802.8371  (backed up)
Iteration 40: Log likelihood = -9802.8371  (backed up)
Iteration 41: Log likelihood = -9802.8371  (backed up)
Iteration 42: Log likelihood = -9802.8371  (backed up)
Iteration 43: Log likelihood = -9802.8371  (backed up)
Iteration 44: Log likelihood = -9802.8371  (backed up)
Iteration 45: Log likelihood = -9802.8371  (backed up)
Iteration 46: Log likelihood = -9802.8371  (backed up)
Iteration 47: Log likelihood = -9802.8371  (backed up)
Iteration 48: Log likelihood = -9802.8371  (backed up)
Iteration 49: Log likelihood = -9802.8371  (backed up)
Iteration 50: Log likelihood = -9802.8371  (backed up)
Iteration 51: Log likelihood = -9802.8371  (backed up)
Iteration 52: Log likelihood = -9802.8371  (backed up)
Iteration 53: Log likelihood = -9802.8371  (backed up)
Iteration 54: Log likelihood = -9802.8371  (backed up)
Iteration 55: Log likelihood = -9802.8371  (backed up)
Iteration 56: Log likelihood = -9802.8371  (backed up)
Iteration 57: Log likelihood = -9802.8371  (backed up)
Iteration 58: Log likelihood = -9802.8371  (backed up)
Iteration 59: Log likelihood = -9802.8371  (backed up)
Iteration 60: Log likelihood = -9802.8371  (backed up)
Iteration 61: Log likelihood = -9802.8371  (backed up)
Iteration 62: Log likelihood = -9802.8371  (backed up)
Iteration 63: Log likelihood = -9802.8371  (backed up)
Iteration 64: Log likelihood = -9802.8371  (backed up)
Iteration 65: Log likelihood = -9802.8371  (backed up)
Iteration 66: Log likelihood = -9802.8371  (backed up)
Iteration 67: Log likelihood = -9802.8371  (backed up)
Iteration 68: Log likelihood = -9802.8371  (backed up)
Iteration 69: Log likelihood = -9802.8371  (backed up)
Iteration 70: Log likelihood = -9802.8371  (backed up)
Iteration 71: Log likelihood = -9802.8371  (backed up)
Iteration 72: Log likelihood = -9802.8371  (backed up)
Iteration 73: Log likelihood = -9802.8371  (backed up)
Iteration 74: Log likelihood = -9802.8371  (backed up)
Iteration 75: Log likelihood = -9802.8371  (backed up)
Iteration 76: Log likelihood = -9802.8371  (backed up)
Iteration 77: Log likelihood = -9802.8371  (backed up)
Iteration 78: Log likelihood = -9802.8371  (backed up)
Iteration 79: Log likelihood = -9802.8371  (backed up)
Iteration 80: Log likelihood = -9802.8371  (backed up)
Iteration 81: Log likelihood = -9802.8371  (backed up)
Iteration 82: Log likelihood = -9802.8371  (backed up)
Iteration 83: Log likelihood = -9802.8371  (backed up)
Iteration 84: Log likelihood = -9802.8371  (backed up)
Iteration 85: Log likelihood = -9802.8371  (backed up)
Iteration 86: Log likelihood = -9802.8371  (backed up)
Iteration 87: Log likelihood = -9802.8371  (backed up)
Iteration 88: Log likelihood = -9802.8371  (backed up)
Iteration 89: Log likelihood = -9802.8371  (backed up)
Iteration 90: Log likelihood = -9802.8371  (backed up)
Iteration 91: Log likelihood = -9802.8371  (backed up)
Iteration 92: Log likelihood = -9802.8371  (backed up)
Iteration 93: Log likelihood = -9802.8371  (backed up)
Iteration 94: Log likelihood = -9802.8371  (backed up)
Iteration 95: Log likelihood = -9802.8371  (backed up)
Iteration 96: Log likelihood = -9802.8371  (backed up)
Iteration 97: Log likelihood = -9802.8371  (backed up)
Iteration 98: Log likelihood = -9802.8371  (backed up)
Iteration 99: Log likelihood = -9802.8371  (backed up)
Iteration 100: Log likelihood = -9802.8371  (backed up)
Iteration 101: Log likelihood = -9802.8371  (backed up)
Iteration 102: Log likelihood = -9802.8371  (backed up)
Iteration 103: Log likelihood = -9802.8371  (backed up)
Iteration 104: Log likelihood = -9802.8371  (backed up)
Iteration 105: Log likelihood = -9802.8371  (backed up)
Iteration 106: Log likelihood = -9802.8371  (backed up)
Iteration 107: Log likelihood = -9802.8371  (backed up)
Iteration 108: Log likelihood = -9802.8371  (backed up)
Iteration 109: Log likelihood = -9802.8371  (backed up)
Iteration 110: Log likelihood = -9802.8371  (backed up)
Iteration 111: Log likelihood = -9802.8371  (backed up)
Iteration 112: Log likelihood = -9802.8371  (backed up)
Iteration 113: Log likelihood = -9802.8371  (backed up)
Iteration 114: Log likelihood = -9802.8371  (backed up)
Iteration 115: Log likelihood = -9802.8371  (backed up)
Iteration 116: Log likelihood = -9802.8371  (backed up)
Iteration 117: Log likelihood = -9802.8371  (backed up)
Iteration 118: Log likelihood = -9802.8371  (backed up)
Iteration 119: Log likelihood = -9802.8371  (backed up)
Iteration 120: Log likelihood = -9802.8371  (backed up)
Iteration 121: Log likelihood = -9802.8371  (backed up)
Iteration 122: Log likelihood = -9802.8371  (backed up)
Iteration 123: Log likelihood = -9802.8371  (backed up)
Iteration 124: Log likelihood = -9802.8371  (backed up)
Iteration 125: Log likelihood = -9802.8371  (backed up)
Iteration 126: Log likelihood = -9802.8371  (backed up)
Iteration 127: Log likelihood = -9802.8371  (backed up)
Iteration 128: Log likelihood = -9802.8371  (backed up)
Iteration 129: Log likelihood = -9802.8371  (backed up)
Iteration 130: Log likelihood = -9802.8371  (backed up)
Iteration 131: Log likelihood = -9802.8371  (backed up)
Iteration 132: Log likelihood = -9802.8371  (backed up)
Iteration 133: Log likelihood = -9802.8371  (backed up)
Iteration 134: Log likelihood = -9802.8371  (backed up)
Iteration 135: Log likelihood = -9802.8371  (backed up)
Iteration 136: Log likelihood = -9802.8371  (backed up)
Iteration 137: Log likelihood = -9802.8371  (backed up)
Iteration 138: Log likelihood = -9802.8371  (backed up)
Iteration 139: Log likelihood = -9802.8371  (backed up)
Iteration 140: Log likelihood = -9802.8371  (backed up)
Iteration 141: Log likelihood = -9802.8371  (backed up)
Iteration 142: Log likelihood = -9802.8371  (backed up)
Iteration 143: Log likelihood = -9802.8371  (backed up)
Iteration 144: Log likelihood = -9802.8371  (backed up)
Iteration 145: Log likelihood = -9802.8371  (backed up)
Iteration 146: Log likelihood = -9802.8371  (backed up)
Iteration 147: Log likelihood = -9802.8371  (backed up)
Iteration 148: Log likelihood = -9802.8371  (backed up)
Iteration 149: Log likelihood = -9802.8371  (backed up)
Iteration 150: Log likelihood = -9802.8371  (backed up)
Iteration 151: Log likelihood = -9802.8371  (backed up)
Iteration 152: Log likelihood = -9802.8371  (backed up)
Iteration 153: Log likelihood = -9802.8371  (backed up)
Iteration 154: Log likelihood = -9802.8371  (backed up)
Iteration 155: Log likelihood = -9802.8371  (backed up)
Iteration 156: Log likelihood = -9802.8371  (backed up)
Iteration 157: Log likelihood = -9802.8371  (backed up)
Iteration 158: Log likelihood = -9802.8371  (backed up)
Iteration 159: Log likelihood = -9802.8371  (backed up)
Iteration 160: Log likelihood = -9802.8371  (backed up)
Iteration 161: Log likelihood = -9802.8371  (backed up)
Iteration 162: Log likelihood = -9802.8371  (backed up)
Iteration 163: Log likelihood = -9802.8371  (backed up)
Iteration 164: Log likelihood = -9802.8371  (backed up)
Iteration 165: Log likelihood = -9802.8371  (backed up)
Iteration 166: Log likelihood = -9802.8371  (backed up)
Iteration 167: Log likelihood = -9802.8371  (backed up)
Iteration 168: Log likelihood = -9802.8371  (backed up)
Iteration 169: Log likelihood = -9802.8371  (backed up)
Iteration 170: Log likelihood = -9802.8371  (backed up)
Iteration 171: Log likelihood = -9802.8371  (backed up)
Iteration 172: Log likelihood = -9802.8371  (backed up)
Iteration 173: Log likelihood = -9802.8371  (backed up)
Iteration 174: Log likelihood = -9802.8371  (backed up)
Iteration 175: Log likelihood = -9802.8371  (backed up)
Iteration 176: Log likelihood = -9802.8371  (backed up)
Iteration 177: Log likelihood = -9802.8371  (backed up)
Iteration 178: Log likelihood = -9802.8371  (backed up)
Iteration 179: Log likelihood = -9802.8371  (backed up)
Iteration 180: Log likelihood = -9802.8371  (backed up)
Iteration 181: Log likelihood = -9802.8371  (backed up)
Iteration 182: Log likelihood = -9802.8371  (backed up)
Iteration 183: Log likelihood = -9802.8371  (backed up)
Iteration 184: Log likelihood = -9802.8371  (backed up)
Iteration 185: Log likelihood = -9802.8371  (backed up)
Iteration 186: Log likelihood = -9802.8371  (backed up)
Iteration 187: Log likelihood = -9802.8371  (backed up)
Iteration 188: Log likelihood = -9802.8371  (backed up)
Iteration 189: Log likelihood = -9802.8371  (backed up)
Iteration 190: Log likelihood = -9802.8371  (backed up)
Iteration 191: Log likelihood = -9802.8371  (backed up)
Iteration 192: Log likelihood = -9802.8371  (backed up)
Iteration 193: Log likelihood = -9802.8371  (backed up)
Iteration 194: Log likelihood = -9802.8371  (backed up)
Iteration 195: Log likelihood = -9802.8371  (backed up)
Iteration 196: Log likelihood = -9802.8371  (backed up)
Iteration 197: Log likelihood = -9802.8371  (backed up)
Iteration 198: Log likelihood = -9802.8371  (backed up)
Iteration 199: Log likelihood = -9802.8371  (backed up)
Iteration 200: Log likelihood = -9802.8371  (backed up)
Iteration 201: Log likelihood = -9802.8371  (backed up)
Iteration 202: Log likelihood = -9802.8371  (backed up)
Iteration 203: Log likelihood = -9802.8371  (backed up)
Iteration 204: Log likelihood = -9802.8371  (backed up)
Iteration 205: Log likelihood = -9802.8371  (backed up)
Iteration 206: Log likelihood = -9802.8371  (backed up)
Iteration 207: Log likelihood = -9802.8371  (backed up)
Iteration 208: Log likelihood = -9802.8371  (backed up)
Iteration 209: Log likelihood = -9802.8371  (backed up)
Iteration 210: Log likelihood = -9802.8371  (backed up)
Iteration 211: Log likelihood = -9802.8371  (backed up)
Iteration 212: Log likelihood = -9802.8371  (backed up)
Iteration 213: Log likelihood = -9802.8371  (backed up)
Iteration 214: Log likelihood = -9802.8371  (backed up)
Iteration 215: Log likelihood = -9802.8371  (backed up)
Iteration 216: Log likelihood = -9802.8371  (backed up)
Iteration 217: Log likelihood = -9802.8371  (backed up)
Iteration 218: Log likelihood = -9802.8371  (backed up)
Iteration 219: Log likelihood = -9802.8371  (backed up)
Iteration 220: Log likelihood = -9802.8371  (backed up)
Iteration 221: Log likelihood = -9802.8371  (backed up)
Iteration 222: Log likelihood = -9802.8371  (backed up)
Iteration 223: Log likelihood = -9802.8371  (backed up)
Iteration 224: Log likelihood = -9802.8371  (backed up)
Iteration 225: Log likelihood = -9802.8371  (backed up)
Iteration 226: Log likelihood = -9802.8371  (backed up)
Iteration 227: Log likelihood = -9802.8371  (backed up)
Iteration 228: Log likelihood = -9802.8371  (backed up)
Iteration 229: Log likelihood = -9802.8371  (backed up)
Iteration 230: Log likelihood = -9802.8371  (backed up)
Iteration 231: Log likelihood = -9802.8371  (backed up)
Iteration 232: Log likelihood = -9802.8371  (backed up)
Iteration 233: Log likelihood = -9802.8371  (backed up)
Iteration 234: Log likelihood = -9802.8371  (backed up)
Iteration 235: Log likelihood = -9802.8371  (backed up)
Iteration 236: Log likelihood = -9802.8371  (backed up)
Iteration 237: Log likelihood = -9802.8371  (backed up)
Iteration 238: Log likelihood = -9802.8371  (backed up)
Iteration 239: Log likelihood = -9802.8371  (backed up)
Iteration 240: Log likelihood = -9802.8371  (backed up)
Iteration 241: Log likelihood = -9802.8371  (backed up)
Iteration 242: Log likelihood = -9802.8371  (backed up)
Iteration 243: Log likelihood = -9802.8371  (backed up)
Iteration 244: Log likelihood = -9802.8371  (backed up)
Iteration 245: Log likelihood = -9802.8371  (backed up)
