

Running /Users/agrogan/Desktop/GitHub/multilevel-workshop/profile.do ...
variable group not found
r(111);


. 
. mixed outcome || country: || id: // unconditional model

Performing EM optimization ...

Performing gradient-based optimization: 
Iteration 0:  Log likelihood = -9802.8371  (not concave)
Iteration 1:  Log likelihood = -9802.8371  (not concave)
Iteration 2:  Log likelihood = -9802.8371  (not concave)
Iteration 3:  Log likelihood = -9802.8371  (backed up)
Iteration 4:  Log likelihood = -9802.8371  (backed up)
Iteration 5:  Log likelihood = -9802.8371  (backed up)
Iteration 6:  Log likelihood = -9802.8371  (backed up)
Iteration 7:  Log likelihood = -9802.8371  (backed up)
Iteration 8:  Log likelihood = -9802.8371  (backed up)
Iteration 9:  Log likelihood = -9802.8371  (backed up)
Iteration 10: Log likelihood = -9802.8371  (backed up)
Iteration 11: Log likelihood = -9802.8371  (backed up)
Iteration 12: Log likelihood = -9802.8371  (backed up)
Iteration 13: Log likelihood = -9802.8371  (backed up)
Iteration 14: Log likelihood = -9802.8371  (backed up)
Iteration 15: Log likelihood = -9802.8371  (backed up)
Iteration 16: Log likelihood = -9802.8371  (backed up)
Iteration 17: Log likelihood = -9802.8371  (backed up)
Iteration 18: Log likelihood = -9802.8371  (backed up)
Iteration 19: Log likelihood = -9802.8371  (backed up)
Iteration 20: Log likelihood = -9802.8371  (backed up)
Iteration 21: Log likelihood = -9802.8371  (backed up)
Iteration 22: Log likelihood = -9802.8371  (backed up)
Iteration 23: Log likelihood = -9802.8371  (backed up)
Iteration 24: Log likelihood = -9802.8371  (backed up)
Iteration 25: Log likelihood = -9802.8371  (backed up)
Iteration 26: Log likelihood = -9802.8371  (backed up)
Iteration 27: Log likelihood = -9802.8371  (backed up)
Iteration 28: Log likelihood = -9802.8371  (backed up)
Iteration 29: Log likelihood = -9802.8371  (backed up)
Iteration 30: Log likelihood = -9802.8371  (backed up)
Iteration 31: Log likelihood = -9802.8371  (backed up)
Iteration 32: Log likelihood = -9802.8371  (backed up)
Iteration 33: Log likelihood = -9802.8371  (backed up)
Iteration 34: Log likelihood = -9802.8371  (backed up)
Iteration 35: Log likelihood = -9802.8371  (backed up)
Iteration 36: Log likelihood = -9802.8371  (backed up)
Iteration 37: Log likelihood = -9802.8371  (backed up)
Iteration 38: Log likelihood = -9802.8371  (backed up)
Iteration 39: Log likelihood = -9802.8371  (backed up)
Iteration 40: Log likelihood = -9802.8371  (backed up)
Iteration 41: Log likelihood = -9802.8371  (backed up)
Iteration 42: Log likelihood = -9802.8371  (backed up)
Iteration 43: Log likelihood = -9802.8371  (backed up)
Iteration 44: Log likelihood = -9802.8371  (backed up)
Iteration 45: Log likelihood = -9802.8371  (backed up)
Iteration 46: Log likelihood = -9802.8371  (backed up)
Iteration 47: Log likelihood = -9802.8371  (backed up)
Iteration 48: Log likelihood = -9802.8371  (backed up)
Iteration 49: Log likelihood = -9802.8371  (backed up)
Iteration 50: Log likelihood = -9802.8371  (backed up)
Iteration 51: Log likelihood = -9802.8371  (backed up)
Iteration 52: Log likelihood = -9802.8371  (backed up)
Iteration 53: Log likelihood = -9802.8371  (backed up)
Iteration 54: Log likelihood = -9802.8371  (backed up)
Iteration 55: Log likelihood = -9802.8371  (backed up)
Iteration 56: Log likelihood = -9802.8371  (backed up)
Iteration 57: Log likelihood = -9802.8371  (backed up)
